2025-11-18 18:55:13,652 - dashboard - INFO - Expeditions data loaded successfully.
2025-11-18 18:55:16,220 - dashboard - INFO - Stock data loaded successfully.
2025-11-18 18:55:35,266 - dashboard - INFO - Expeditions data loaded successfully.
2025-11-18 18:55:35,272 - dashboard - INFO - Getting top 5 clients for year=2025, month=None
2025-11-18 18:55:38,039 - dashboard - INFO - Expeditions data loaded successfully.
2025-11-18 18:55:38,074 - dashboard - INFO - Calculated service levels for clients: {'100': np.float64(1.071), '1036': np.float64(1.154), '4999': np.float64(1.111), '1582': np.float64(1.122), '35485': np.float64(1.032)}
2025-11-18 18:55:40,714 - dashboard - INFO - Expeditions data loaded successfully.
2025-11-18 18:55:40,745 - dashboard - INFO - Calculated expedition metrics for clients: {'100': {'expedition_count': 1028, 'total_ordered': np.float64(265124.3004), 'total_shipped': np.float64(283957.1999)}, '1036': {'expedition_count': 1939, 'total_ordered': np.float64(189597.5403), 'total_shipped': np.float64(218757.76)}, '4999': {'expedition_count': 2960, 'total_ordered': np.float64(174151.7565), 'total_shipped': np.float64(193442.1151)}, '1582': {'expedition_count': 2694, 'total_ordered': np.float64(169555.0271), 'total_shipped': np.float64(190182.86)}, '35485': {'expedition_count': 1608, 'total_ordered': np.float64(161330.6475), 'total_shipped': np.float64(166548.0542)}}
2025-11-18 18:55:53,523 - dashboard - INFO - Expeditions data loaded successfully.
2025-11-18 18:55:53,536 - dashboard - INFO - Getting top 2 clients for year=2025, month=None
2025-11-18 18:55:56,173 - dashboard - INFO - Expeditions data loaded successfully.
2025-11-18 18:55:56,199 - dashboard - INFO - Calculated service levels for clients: {'100': np.float64(1.071), '1036': np.float64(1.154)}
2025-11-18 18:55:59,252 - dashboard - INFO - Expeditions data loaded successfully.
2025-11-18 18:55:59,266 - dashboard - INFO - Calculated expedition metrics for clients: {'100': {'expedition_count': 1028, 'total_ordered': np.float64(265124.3004), 'total_shipped': np.float64(283957.1999)}, '1036': {'expedition_count': 1939, 'total_ordered': np.float64(189597.5403), 'total_shipped': np.float64(218757.76)}}
2025-11-18 18:56:11,318 - dashboard - INFO - Expeditions data loaded successfully.
2025-11-18 18:56:11,331 - dashboard - INFO - Getting top 2 clients for year=2025, month=3
2025-11-18 18:56:14,038 - dashboard - INFO - Expeditions data loaded successfully.
2025-11-18 18:56:14,054 - dashboard - INFO - Calculated service levels for clients: {'1174': np.float64(1.061), '4999': np.float64(1.099)}
2025-11-18 18:56:16,676 - dashboard - INFO - Expeditions data loaded successfully.
2025-11-18 18:56:16,692 - dashboard - INFO - Calculated expedition metrics for clients: {'1174': {'expedition_count': 431, 'total_ordered': np.float64(46978.6286), 'total_shipped': np.float64(49859.1999)}, '4999': {'expedition_count': 544, 'total_ordered': np.float64(46688.0206), 'total_shipped': np.float64(51299.840000000004)}}
2025-11-18 18:56:33,173 - dashboard - INFO - Stock data loaded successfully.
2025-11-18 18:56:33,192 - dashboard - INFO - Top 5 references by stock: ['17128780000', '17128750000', '17281570000', '17146122100', '17146132100']
2025-11-18 18:56:36,041 - dashboard - INFO - Stock data loaded successfully.
2025-11-18 18:56:36,055 - dashboard - INFO - Calculated stock metrics for references: {'17128780000': {'total_pieces': np.float64(260838.0), 'location_count': 7, 'hu_count': 27}, '17128750000': {'total_pieces': np.float64(158561.0), 'location_count': 11, 'hu_count': 43}, '17281570000': {'total_pieces': np.float64(98490.12), 'location_count': 8, 'hu_count': 10}, '17146122100': {'total_pieces': np.float64(72118.0), 'location_count': 25, 'hu_count': 42}, '17146132100': {'total_pieces': np.float64(70109.0), 'location_count': 25, 'hu_count': 38}}
2025-11-18 18:56:39,116 - dashboard - INFO - Stock data loaded successfully.
2025-11-18 18:56:39,134 - dashboard - INFO - Calculated average time in warehouse for references: {'17128780000': np.float64(594.3), '17128750000': np.float64(330.5), '17281570000': np.float64(269.6), '17146122100': np.float64(559.7), '17146132100': np.float64(367.5)}
