2025-11-18 15:54:06,886 - dashboard - INFO - Expeditions data loaded successfully.
2025-11-18 15:54:08,357 - dashboard - INFO - Stock data loaded successfully.
2025-11-18 15:54:18,677 - dashboard - INFO - Expeditions data loaded successfully.
2025-11-18 15:54:18,677 - dashboard - INFO - Getting top 5 clients for year=2025, month=None
2025-11-18 15:54:19,997 - dashboard - INFO - Expeditions data loaded successfully.
2025-11-18 15:54:20,012 - dashboard - INFO - Calculated service levels for clients: {'100': np.float64(1.071), '1036': np.float64(1.154), '4999': np.float64(1.111), '1582': np.float64(1.122), '35485': np.float64(1.032)}
2025-11-18 15:54:21,251 - dashboard - INFO - Expeditions data loaded successfully.
2025-11-18 15:54:21,274 - dashboard - INFO - Calculated expedition metrics for clients: {'100': {'expedition_count': 1028, 'total_ordered': np.float64(265124.3004), 'total_shipped': np.float64(283957.1999)}, '1036': {'expedition_count': 1939, 'total_ordered': np.float64(189597.5403), 'total_shipped': np.float64(218757.76)}, '4999': {'expedition_count': 2960, 'total_ordered': np.float64(174151.7565), 'total_shipped': np.float64(193442.1151)}, '1582': {'expedition_count': 2694, 'total_ordered': np.float64(169555.0271), 'total_shipped': np.float64(190182.86)}, '35485': {'expedition_count': 1608, 'total_ordered': np.float64(161330.6475), 'total_shipped': np.float64(166548.0542)}}
2025-11-18 15:54:27,872 - dashboard - INFO - Expeditions data loaded successfully.
2025-11-18 15:54:27,889 - dashboard - INFO - Top 5 references by expeditions: [3431, 140568, 3432, 2408, 2875]
2025-11-18 15:54:29,204 - dashboard - INFO - Expeditions data loaded successfully.
2025-11-18 15:54:29,223 - dashboard - INFO - Generated time series for references: {3431: {'dates': ['2025-01', '2025-02', '2025-03', '2025-04', '2025-05', '2025-06'], 'quantities': [66515.0, 70338.0, 82976.0, 102820.0, 151573.0, 751.0]}, 140568: {'dates': ['2025-01', '2025-02', '2025-03', '2025-04', '2025-05', '2025-06'], 'quantities': [22145.0, 42378.0, 76507.0, 66382.88, 59876.0, 5.0]}, 3432: {'dates': ['2025-01', '2025-02', '2025-03', '2025-04', '2025-05', '2025-06'], 'quantities': [41151.0, 50099.0, 63825.0, 41110.0, 42237.0, 5000.0]}, 2408: {'dates': ['2025-01', '2025-02', '2025-03', '2025-04', '2025-05'], 'quantities': [22156.0, 20211.0, 32077.0, 23200.0, 22830.0]}, 2875: {'dates': ['2025-01', '2025-02', '2025-03', '2025-04', '2025-05'], 'quantities': [34850.0, 30996.0, 16417.0, 16130.0, 2200.0]}}
2025-11-18 15:54:30,540 - dashboard - INFO - Expeditions data loaded successfully.
2025-11-18 15:54:30,556 - dashboard - INFO - Forecasted next month demand for references: {3431: np.float64(85048.0), 140568: np.float64(42087.96), 3432: np.float64(29449.0), 2408: np.float64(26035.67), 2875: np.float64(11582.33)}
2025-11-18 15:54:37,078 - dashboard - INFO - Stock data loaded successfully.
2025-11-18 15:54:37,078 - dashboard - INFO - Top 5 references by stock: ['17128780000', '17128750000', '17281570000', '17146122100', '17146132100']
2025-11-18 15:54:38,678 - dashboard - INFO - Stock data loaded successfully.
2025-11-18 15:54:38,678 - dashboard - INFO - Calculated stock metrics for references: {'17128780000': {'total_pieces': np.float64(260838.0), 'location_count': 7, 'hu_count': 27}, '17128750000': {'total_pieces': np.float64(158561.0), 'location_count': 11, 'hu_count': 43}, '17281570000': {'total_pieces': np.float64(98490.12), 'location_count': 8, 'hu_count': 10}, '17146122100': {'total_pieces': np.float64(72118.0), 'location_count': 25, 'hu_count': 42}, '17146132100': {'total_pieces': np.float64(70109.0), 'location_count': 25, 'hu_count': 38}}
2025-11-18 15:54:40,082 - dashboard - INFO - Stock data loaded successfully.
2025-11-18 15:54:40,103 - dashboard - INFO - Calculated average time in warehouse for references: {'17128780000': np.float64(594.3), '17128750000': np.float64(330.4), '17281570000': np.float64(269.5), '17146122100': np.float64(559.6), '17146132100': np.float64(367.3)}
